c:\projects\project1\project1\x64\debug\vc143.pdb
c:\projects\project1\project1\x64\debug\vc143.idb
c:\projects\project1\project1\x64\debug\menu.obj
c:\projects\project1\project1\x64\debug\map.obj
c:\projects\project1\project1\x64\debug\main.obj
c:\projects\project1\x64\debug\25803050115 pj1.pdb
c:\projects\project1\project1\x64\debug\25803050115 pj1.tlog\cl.command.1.tlog
c:\projects\project1\project1\x64\debug\25803050115 pj1.tlog\cl.read.1.tlog
c:\projects\project1\project1\x64\debug\25803050115 pj1.tlog\cl.write.1.tlog
c:\projects\project1\project1\x64\debug\25803050115 pj1.tlog\link-cvtres.read.1.tlog
c:\projects\project1\project1\x64\debug\25803050115 pj1.tlog\link-cvtres.write.1.tlog
c:\projects\project1\project1\x64\debug\25803050115 pj1.tlog\link-rc.read.1.tlog
c:\projects\project1\project1\x64\debug\25803050115 pj1.tlog\link-rc.write.1.tlog
c:\projects\project1\project1\x64\debug\25803050115 pj1.tlog\link.command.1.tlog
c:\projects\project1\project1\x64\debug\25803050115 pj1.tlog\link.read.1.tlog
c:\projects\project1\project1\x64\debug\25803050115 pj1.tlog\link.read.2.tlog
c:\projects\project1\project1\x64\debug\25803050115 pj1.tlog\link.read.3.tlog
c:\projects\project1\project1\x64\debug\25803050115 pj1.tlog\link.read.4.tlog
c:\projects\project1\project1\x64\debug\25803050115 pj1.tlog\link.read.6.tlog
c:\projects\project1\project1\x64\debug\25803050115 pj1.tlog\link.write.1.tlog
